[debug] [2023-10-21T05:26:29.123Z] ----------------------------------------------------------------------
[debug] [2023-10-21T05:26:29.126Z] Command:       c:\Program Files\nodejs\node.exe C:\Users\AU451FE\AppData\Roaming\npm\node_modules\firebase-tools\lib\bin\firebase.js emulators:start --only functions --debug
[debug] [2023-10-21T05:26:29.126Z] CLI Version:   12.7.0
[debug] [2023-10-21T05:26:29.126Z] Platform:      win32
[debug] [2023-10-21T05:26:29.126Z] Node Version:  v18.17.1
[debug] [2023-10-21T05:26:29.130Z] Time:          Sat Oct 21 2023 07:26:29 GMT+0200 (středoevropský letní čas)
[debug] [2023-10-21T05:26:29.130Z] ----------------------------------------------------------------------
[debug] 
[debug] [2023-10-21T05:26:29.137Z] >>> [apiv2][query] GET https://firebase-public.firebaseio.com/cli.json [none]
[debug] [2023-10-21T05:26:29.250Z] > command requires scopes: ["email","openid","https://www.googleapis.com/auth/cloudplatformprojects.readonly","https://www.googleapis.com/auth/firebase","https://www.googleapis.com/auth/cloud-platform"]
[debug] [2023-10-21T05:26:29.252Z] > authorizing via signed-in user (juke797@gmail.com)
[info] i  emulators: Starting emulators: functions {"metadata":{"emulator":{"name":"hub"},"message":"Starting emulators: functions"}}
[debug] [2023-10-21T05:26:29.263Z] [logging] Logging Emulator only supports listening on one address (127.0.0.1). Not listening on ::1
[debug] [2023-10-21T05:26:29.264Z] assigned listening specs for emulators {"user":{"hub":[{"address":"127.0.0.1","family":"IPv4","port":4400},{"address":"::1","family":"IPv6","port":4400}],"ui":[{"address":"127.0.0.1","family":"IPv4","port":4000},{"address":"::1","family":"IPv6","port":4000}],"logging":[{"address":"127.0.0.1","family":"IPv4","port":4500}]},"metadata":{"message":"assigned listening specs for emulators"}}
[debug] [2023-10-21T05:26:29.322Z] [hub] writing locator at C:\Users\AU451FE\AppData\Local\Temp\hub-alcohol-tracker-db.json
[debug] [2023-10-21T05:26:29.328Z] *** [apiv2] error from fetch(https://firebase-public.firebaseio.com/cli.json, {"headers":{},"method":"GET"}): FetchError: request to https://firebase-public.firebaseio.com/cli.json failed, reason: getaddrinfo ENOTFOUND firebase-public.firebaseio.com
[warn] !  Unable to fetch the CLI MOTD and remote config. 
[debug] [2023-10-21T05:26:29.329Z] Failed to fetch MOTD FirebaseError: Failed to make request to https://firebase-public.firebaseio.com/cli.json
[debug] [2023-10-21T05:26:29.345Z] [functions] Functions Emulator only supports listening on one address (127.0.0.1). Not listening on ::1
[debug] [2023-10-21T05:26:29.346Z] [eventarc] Eventarc Emulator only supports listening on one address (127.0.0.1). Not listening on ::1
[debug] [2023-10-21T05:26:29.347Z] late-assigned ports for functions and eventarc emulators {"user":{"hub":[{"address":"127.0.0.1","family":"IPv4","port":4400},{"address":"::1","family":"IPv6","port":4400}],"ui":[{"address":"127.0.0.1","family":"IPv4","port":4000},{"address":"::1","family":"IPv6","port":4000}],"logging":[{"address":"127.0.0.1","family":"IPv4","port":4500}],"functions":[{"address":"127.0.0.1","family":"IPv4","port":5001}],"eventarc":[{"address":"127.0.0.1","family":"IPv4","port":9299}]},"metadata":{"message":"late-assigned ports for functions and eventarc emulators"}}
[warn] !  functions: The following emulators are not running, calls to these services from the Functions emulator will affect production: auth, firestore, database, hosting, pubsub, storage {"metadata":{"emulator":{"name":"functions"},"message":"The following emulators are not running, calls to these services from the Functions emulator will affect production: \u001b[1mauth, firestore, database, hosting, pubsub, storage\u001b[22m"}}
[debug] [2023-10-21T05:26:29.356Z] defaultcredentials: writing to file C:\Users\AU451FE\AppData\Roaming\firebase\juke797_gmail_com_application_default_credentials.json
[debug] [2023-10-21T05:26:29.360Z] Setting GAC to C:\Users\AU451FE\AppData\Roaming\firebase\juke797_gmail_com_application_default_credentials.json {"metadata":{"emulator":{"name":"functions"},"message":"Setting GAC to C:\\Users\\AU451FE\\AppData\\Roaming\\firebase\\juke797_gmail_com_application_default_credentials.json"}}
[debug] [2023-10-21T05:26:29.362Z] > refreshing access token with scopes: []
[debug] [2023-10-21T05:26:29.363Z] >>> [apiv2][query] POST https://www.googleapis.com/oauth2/v3/token [none]
[debug] [2023-10-21T05:26:29.363Z] >>> [apiv2][body] POST https://www.googleapis.com/oauth2/v3/token [omitted]
[debug] [2023-10-21T05:26:29.369Z] *** [apiv2] error from fetch(https://www.googleapis.com/oauth2/v3/token, {"headers":{},"method":"POST","body":{"_overheadLength":545,"_valueLength":212,"_valuesToMeasure":[],"writable":false,"readable":true,"dataSize":0,"maxDataSize":2097152,"pauseStreams":true,"_released":true,"_streams":[],"_currentStream":null,"_insideLoop":false,"_pendingNext":false,"_boundary":"--------------------------838328965721126979309283","_events":{},"_eventsCount":1}}): FetchError: request to https://www.googleapis.com/oauth2/v3/token failed, reason: getaddrinfo ENOTFOUND www.googleapis.com
[debug] [2023-10-21T05:26:29.370Z] Failed to get Admin SDK config for alcohol-tracker-db, falling back to cache Failed to get Admin SDK for Firebase project alcohol-tracker-db. Please make sure the project exists and your account has permission to access it. {"name":"FirebaseError","children":[],"exit":2,"message":"Failed to get Admin SDK for Firebase project alcohol-tracker-db. Please make sure the project exists and your account has permission to access it.","original":{"name":"FirebaseError","children":[],"exit":1,"message":"Authentication Error: Your credentials are no longer valid. Please run \u001b[1mfirebase login --reauth\u001b[22m\n\nFor CI servers and headless environments, generate a new token with \u001b[1mfirebase login:ci\u001b[22m","status":500},"status":500}
[debug] [2023-10-21T05:26:29.389Z] Ignoring unsupported arg: auto_download {"metadata":{"emulator":{"name":"ui"},"message":"Ignoring unsupported arg: auto_download"}}
[debug] [2023-10-21T05:26:29.390Z] Ignoring unsupported arg: port {"metadata":{"emulator":{"name":"ui"},"message":"Ignoring unsupported arg: port"}}
[debug] [2023-10-21T05:26:29.391Z] Starting Emulator UI with command {"binary":"node","args":["C:\\Users\\AU451FE\\.cache\\firebase\\emulators\\ui-v1.11.7\\server\\server.js"],"optionalArgs":[],"joinArgs":false} {"metadata":{"emulator":{"name":"ui"},"message":"Starting Emulator UI with command {\"binary\":\"node\",\"args\":[\"C:\\\\Users\\\\AU451FE\\\\.cache\\\\firebase\\\\emulators\\\\ui-v1.11.7\\\\server\\\\server.js\"],\"optionalArgs\":[],\"joinArgs\":false}"}}
[info] i  ui: Emulator UI logging to ui-debug.log {"metadata":{"emulator":{"name":"ui"},"message":"Emulator UI logging to \u001b[1mui-debug.log\u001b[22m"}}
[debug] [2023-10-21T05:26:30.284Z] Web / API server started at 127.0.0.1:4000
 {"metadata":{"emulator":{"name":"ui"},"message":"Web / API server started at 127.0.0.1:4000\n"}}
[debug] [2023-10-21T05:26:30.286Z] Web / API server started at ::1:4000
 {"metadata":{"emulator":{"name":"ui"},"message":"Web / API server started at ::1:4000\n"}}
[info] i  functions: Watching "C:\Users\AU451FE\JavaScript\Kiroku\functions" for Cloud Functions... {"metadata":{"emulator":{"name":"functions"},"message":"Watching \"C:\\Users\\AU451FE\\JavaScript\\Kiroku\\functions\" for Cloud Functions..."}}
[debug] [2023-10-21T05:26:30.480Z] Validating nodejs source
[debug] [2023-10-21T05:26:40.562Z] checkFunctionsSDKVersion was unable to fetch information from NPM Error: spawnSync C:\Windows\system32\cmd.exe ETIMEDOUT
    at Object.spawnSync (node:internal/child_process:1110:20)
    at Object.spawnSync (node:child_process:871:24)
    at Function.spawnSync [as sync] (C:\Users\AU451FE\AppData\Roaming\npm\node_modules\firebase-tools\node_modules\cross-spawn\index.js:26:23)
    at Object.getLatestSDKVersion (C:\Users\AU451FE\AppData\Roaming\npm\node_modules\firebase-tools\lib\deploy\functions\runtimes\node\versioning.js:54:25)
    at Object.checkFunctionsSDKVersion (C:\Users\AU451FE\AppData\Roaming\npm\node_modules\firebase-tools\lib\deploy\functions\runtimes\node\versioning.js:74:32)
    at Delegate.validate (C:\Users\AU451FE\AppData\Roaming\npm\node_modules\firebase-tools\lib\deploy\functions\runtimes\node\index.js:84:20)
    at FunctionsEmulator.discoverTriggers (C:\Users\AU451FE\AppData\Roaming\npm\node_modules\firebase-tools\lib\emulator\functionsEmulator.js:296:35)
    at async FunctionsEmulator.loadTriggers (C:\Users\AU451FE\AppData\Roaming\npm\node_modules\firebase-tools\lib\emulator\functionsEmulator.js:325:34)
    at async FunctionsEmulator.connect (C:\Users\AU451FE\AppData\Roaming\npm\node_modules\firebase-tools\lib\emulator\functionsEmulator.js:262:13)
    at async Object.startAll (C:\Users\AU451FE\AppData\Roaming\npm\node_modules\firebase-tools\lib\emulator\controller.js:565:13)
[debug] [2023-10-21T05:26:40.568Z] > [functions] package.json contents: {
  "name": "functions",
  "scripts": {
    "serve": "firebase emulators:start --only functions",
    "deploy": "firebase deploy --only functions",
    "transpile": "npx tsc --build .",
    "babel": "babel lib --out-dir lib"
  },
  "dependencies": {
    "firebase-admin": "^11.10.1",
    "firebase-functions": "^4.4.1"
  },
  "devDependencies": {
    "@babel/cli": "^7.22.5",
    "@babel/core": "^7.22.8",
    "@babel/preset-env": "^7.22.7",
    "@babel/preset-react": "^7.22.5",
    "@babel/preset-typescript": "^7.22.5",
    "@babel/runtime": "^7.22.6",
    "@types/node": "^20.8.7",
    "babel-plugin-module-resolver": "^5.0.0",
    "typescript": "^5.1.6"
  },
  "private": true,
  "engines": {
    "node": "18"
  }
}
[debug] [2023-10-21T05:26:40.574Z] Building nodejs source
[debug] [2023-10-21T05:26:40.576Z] Failed to find version of module node: reached end of search path C:\Users\AU451FE\JavaScript\Kiroku\functions\node_modules
[info] +  functions: Using node@18 from host. 
[debug] [2023-10-21T05:26:40.597Z] Could not find functions.yaml. Must use http discovery
[debug] [2023-10-21T05:26:40.626Z] Found firebase-functions binary at 'C:\Users\AU451FE\JavaScript\Kiroku\functions\node_modules\.bin\firebase-functions'
[info] Serving at port 8923

[debug] [2023-10-21T05:26:43.922Z] Got response code 400; body Failed to generate manifest from function source: SyntaxError: Cannot use import statement outside a module
[info] shutdown requested via /__/quitquitquit

[error] !!  functions: Failed to load function definition from source: FirebaseError: Functions codebase could not be analyzed successfully. It may have a syntax or runtime error {"metadata":{"emulator":{"name":"functions"},"message":"Failed to load function definition from source: FirebaseError: Functions codebase could not be analyzed successfully. It may have a syntax or runtime error"}}
[info] 
┌─────────────────────────────────────────────────────────────┐
│ ✔  All emulators ready! It is now safe to connect your app. │
│ i  View Emulator UI at http://127.0.0.1:4000/               │
└─────────────────────────────────────────────────────────────┘

┌───────────┬────────────────┬─────────────────────────────────┐
│ Emulator  │ Host:Port      │ View in Emulator UI             │
├───────────┼────────────────┼─────────────────────────────────┤
│ Functions │ 127.0.0.1:5001 │ http://127.0.0.1:4000/functions │
└───────────┴────────────────┴─────────────────────────────────┘
  Emulator Hub running at 127.0.0.1:4400
  Other reserved ports: 4500

Issues? Report them at https://github.com/firebase/firebase-tools/issues and attach the *-debug.log files.
 
[debug] [2023-10-21T05:27:53.597Z] File C:\Users\AU451FE\JavaScript\Kiroku\functions\lib\functions\src\cloudUsers.js changed, reloading triggers {"metadata":{"emulator":{"name":"functions"},"message":"File C:\\Users\\AU451FE\\JavaScript\\Kiroku\\functions\\lib\\functions\\src\\cloudUsers.js changed, reloading triggers"}}
[debug] [2023-10-21T05:27:54.608Z] Validating nodejs source
[debug] [2023-10-21T05:28:04.713Z] checkFunctionsSDKVersion was unable to fetch information from NPM Error: spawnSync C:\Windows\system32\cmd.exe ETIMEDOUT
    at Object.spawnSync (node:internal/child_process:1110:20)
    at Object.spawnSync (node:child_process:871:24)
    at Function.spawnSync [as sync] (C:\Users\AU451FE\AppData\Roaming\npm\node_modules\firebase-tools\node_modules\cross-spawn\index.js:26:23)
    at Object.getLatestSDKVersion (C:\Users\AU451FE\AppData\Roaming\npm\node_modules\firebase-tools\lib\deploy\functions\runtimes\node\versioning.js:54:25)
    at Object.checkFunctionsSDKVersion (C:\Users\AU451FE\AppData\Roaming\npm\node_modules\firebase-tools\lib\deploy\functions\runtimes\node\versioning.js:74:32)
    at Delegate.validate (C:\Users\AU451FE\AppData\Roaming\npm\node_modules\firebase-tools\lib\deploy\functions\runtimes\node\index.js:84:20)
    at FunctionsEmulator.discoverTriggers (C:\Users\AU451FE\AppData\Roaming\npm\node_modules\firebase-tools\lib\emulator\functionsEmulator.js:296:35)
    at async FunctionsEmulator.loadTriggers (C:\Users\AU451FE\AppData\Roaming\npm\node_modules\firebase-tools\lib\emulator\functionsEmulator.js:325:34)
[debug] [2023-10-21T05:28:04.719Z] > [functions] package.json contents: {
  "name": "functions",
  "scripts": {
    "serve": "firebase emulators:start --only functions",
    "deploy": "firebase deploy --only functions",
    "transpile": "npx tsc --build .",
    "babel": "babel lib --out-dir lib"
  },
  "dependencies": {
    "firebase-admin": "^11.10.1",
    "firebase-functions": "^4.4.1"
  },
  "devDependencies": {
    "@babel/cli": "^7.22.5",
    "@babel/core": "^7.22.8",
    "@babel/preset-env": "^7.22.7",
    "@babel/preset-react": "^7.22.5",
    "@babel/preset-typescript": "^7.22.5",
    "@babel/runtime": "^7.22.6",
    "@types/node": "^20.8.7",
    "babel-plugin-module-resolver": "^5.0.0",
    "typescript": "^5.1.6"
  },
  "private": true,
  "engines": {
    "node": "18"
  }
}
[debug] [2023-10-21T05:28:04.725Z] Building nodejs source
[debug] [2023-10-21T05:28:04.726Z] Failed to find version of module node: reached end of search path C:\Users\AU451FE\JavaScript\Kiroku\functions\node_modules
[info] +  functions: Using node@18 from host. 
[debug] [2023-10-21T05:28:04.731Z] Could not find functions.yaml. Must use http discovery
[debug] [2023-10-21T05:28:04.747Z] Found firebase-functions binary at 'C:\Users\AU451FE\JavaScript\Kiroku\functions\node_modules\.bin\firebase-functions'
[debug] [2023-10-21T05:28:05.933Z] File C:\Users\AU451FE\JavaScript\Kiroku\functions\src\cloudUsers.tsx changed, reloading triggers {"metadata":{"emulator":{"name":"functions"},"message":"File C:\\Users\\AU451FE\\JavaScript\\Kiroku\\functions\\src\\cloudUsers.tsx changed, reloading triggers"}}
[debug] [2023-10-21T05:28:06.935Z] Validating nodejs source
[debug] [2023-10-21T05:28:16.981Z] checkFunctionsSDKVersion was unable to fetch information from NPM Error: spawnSync C:\Windows\system32\cmd.exe ETIMEDOUT
    at Object.spawnSync (node:internal/child_process:1110:20)
    at Object.spawnSync (node:child_process:871:24)
    at Function.spawnSync [as sync] (C:\Users\AU451FE\AppData\Roaming\npm\node_modules\firebase-tools\node_modules\cross-spawn\index.js:26:23)
    at Object.getLatestSDKVersion (C:\Users\AU451FE\AppData\Roaming\npm\node_modules\firebase-tools\lib\deploy\functions\runtimes\node\versioning.js:54:25)
    at Object.checkFunctionsSDKVersion (C:\Users\AU451FE\AppData\Roaming\npm\node_modules\firebase-tools\lib\deploy\functions\runtimes\node\versioning.js:74:32)
    at Delegate.validate (C:\Users\AU451FE\AppData\Roaming\npm\node_modules\firebase-tools\lib\deploy\functions\runtimes\node\index.js:84:20)
    at FunctionsEmulator.discoverTriggers (C:\Users\AU451FE\AppData\Roaming\npm\node_modules\firebase-tools\lib\emulator\functionsEmulator.js:296:35)
    at async FunctionsEmulator.loadTriggers (C:\Users\AU451FE\AppData\Roaming\npm\node_modules\firebase-tools\lib\emulator\functionsEmulator.js:325:34)
[debug] [2023-10-21T05:28:16.987Z] > [functions] package.json contents: {
  "name": "functions",
  "scripts": {
    "serve": "firebase emulators:start --only functions",
    "deploy": "firebase deploy --only functions",
    "transpile": "npx tsc --build .",
    "babel": "babel lib --out-dir lib"
  },
  "dependencies": {
    "firebase-admin": "^11.10.1",
    "firebase-functions": "^4.4.1"
  },
  "devDependencies": {
    "@babel/cli": "^7.22.5",
    "@babel/core": "^7.22.8",
    "@babel/preset-env": "^7.22.7",
    "@babel/preset-react": "^7.22.5",
    "@babel/preset-typescript": "^7.22.5",
    "@babel/runtime": "^7.22.6",
    "@types/node": "^20.8.7",
    "babel-plugin-module-resolver": "^5.0.0",
    "typescript": "^5.1.6"
  },
  "private": true,
  "engines": {
    "node": "18"
  }
}
[debug] [2023-10-21T05:28:16.993Z] Building nodejs source
[debug] [2023-10-21T05:28:16.994Z] Failed to find version of module node: reached end of search path C:\Users\AU451FE\JavaScript\Kiroku\functions\node_modules
[info] +  functions: Using node@18 from host. 
[debug] [2023-10-21T05:28:17.017Z] Could not find functions.yaml. Must use http discovery
[debug] [2023-10-21T05:28:17.036Z] Found firebase-functions binary at 'C:\Users\AU451FE\JavaScript\Kiroku\functions\node_modules\.bin\firebase-functions'
[info] Serving at port 8287

[debug] [2023-10-21T05:28:17.224Z] File C:\Users\AU451FE\JavaScript\Kiroku\functions\src\cloudUsers.tsx changed, reloading triggers {"metadata":{"emulator":{"name":"functions"},"message":"File C:\\Users\\AU451FE\\JavaScript\\Kiroku\\functions\\src\\cloudUsers.tsx changed, reloading triggers"}}
[debug] [2023-10-21T05:28:18.227Z] Validating nodejs source
[debug] [2023-10-21T05:28:28.310Z] checkFunctionsSDKVersion was unable to fetch information from NPM Error: spawnSync C:\Windows\system32\cmd.exe ETIMEDOUT
    at Object.spawnSync (node:internal/child_process:1110:20)
    at Object.spawnSync (node:child_process:871:24)
    at Function.spawnSync [as sync] (C:\Users\AU451FE\AppData\Roaming\npm\node_modules\firebase-tools\node_modules\cross-spawn\index.js:26:23)
    at Object.getLatestSDKVersion (C:\Users\AU451FE\AppData\Roaming\npm\node_modules\firebase-tools\lib\deploy\functions\runtimes\node\versioning.js:54:25)
    at Object.checkFunctionsSDKVersion (C:\Users\AU451FE\AppData\Roaming\npm\node_modules\firebase-tools\lib\deploy\functions\runtimes\node\versioning.js:74:32)
    at Delegate.validate (C:\Users\AU451FE\AppData\Roaming\npm\node_modules\firebase-tools\lib\deploy\functions\runtimes\node\index.js:84:20)
    at FunctionsEmulator.discoverTriggers (C:\Users\AU451FE\AppData\Roaming\npm\node_modules\firebase-tools\lib\emulator\functionsEmulator.js:296:35)
    at async FunctionsEmulator.loadTriggers (C:\Users\AU451FE\AppData\Roaming\npm\node_modules\firebase-tools\lib\emulator\functionsEmulator.js:325:34)
[debug] [2023-10-21T05:28:28.317Z] > [functions] package.json contents: {
  "name": "functions",
  "scripts": {
    "serve": "firebase emulators:start --only functions",
    "deploy": "firebase deploy --only functions",
    "transpile": "npx tsc --build .",
    "babel": "babel lib --out-dir lib"
  },
  "dependencies": {
    "firebase-admin": "^11.10.1",
    "firebase-functions": "^4.4.1"
  },
  "devDependencies": {
    "@babel/cli": "^7.22.5",
    "@babel/core": "^7.22.8",
    "@babel/preset-env": "^7.22.7",
    "@babel/preset-react": "^7.22.5",
    "@babel/preset-typescript": "^7.22.5",
    "@babel/runtime": "^7.22.6",
    "@types/node": "^20.8.7",
    "babel-plugin-module-resolver": "^5.0.0",
    "typescript": "^5.1.6"
  },
  "private": true,
  "engines": {
    "node": "18"
  }
}
[debug] [2023-10-21T05:28:28.322Z] Building nodejs source
[debug] [2023-10-21T05:28:28.322Z] Failed to find version of module node: reached end of search path C:\Users\AU451FE\JavaScript\Kiroku\functions\node_modules
[info] +  functions: Using node@18 from host. 
[debug] [2023-10-21T05:28:28.331Z] Could not find functions.yaml. Must use http discovery
[debug] [2023-10-21T05:28:28.345Z] Found firebase-functions binary at 'C:\Users\AU451FE\JavaScript\Kiroku\functions\node_modules\.bin\firebase-functions'
[info] shutdown requested via /__/quitquitquit

[error] !!  functions: Failed to load function definition from source: FirebaseError: User code failed to load. Cannot determine backend specification {"metadata":{"emulator":{"name":"functions"},"message":"Failed to load function definition from source: FirebaseError: User code failed to load. Cannot determine backend specification"}}
[info] Serving at port 8809

[debug] [2023-10-21T05:28:28.536Z] File C:\Users\AU451FE\JavaScript\Kiroku\functions\lib\functions\src\cloudUsers.js changed, reloading triggers {"metadata":{"emulator":{"name":"functions"},"message":"File C:\\Users\\AU451FE\\JavaScript\\Kiroku\\functions\\lib\\functions\\src\\cloudUsers.js changed, reloading triggers"}}
[debug] [2023-10-21T05:28:28.625Z] Received signal SIGINT (Ctrl-C) 1
[info]  
[info] i  emulators: Received SIGINT (Ctrl-C) for the first time. Starting a clean shutdown. 
[info] i  emulators: Please wait for a clean shutdown or send the SIGINT (Ctrl-C) signal again to stop right now. 
[info] i  emulators: Shutting down emulators. {"metadata":{"emulator":{"name":"hub"},"message":"Shutting down emulators."}}
[info] i  ui: Stopping Emulator UI {"metadata":{"emulator":{"name":"ui"},"message":"Stopping Emulator UI"}}
[debug] [2023-10-21T05:28:28.638Z] Failed to call quitquitquit. This often means the server failed to start request to http://localhost:8809/__/quitquitquit failed, reason: read ECONNRESET {"message":"request to http://localhost:8809/__/quitquitquit failed, reason: read ECONNRESET","type":"system","errno":"ECONNRESET","code":"ECONNRESET"}
[error] ^C
[error] !!  functions: Failed to load function definition from source: FirebaseError: User code failed to load. Cannot determine backend specification {"metadata":{"emulator":{"name":"functions"},"message":"Failed to load function definition from source: FirebaseError: User code failed to load. Cannot determine backend specification"}}
[warn] !  Emulator UI has exited upon receiving signal: SIGINT 
[info] i  functions: Stopping Functions Emulator {"metadata":{"emulator":{"name":"functions"},"message":"Stopping Functions Emulator"}}
[info] i  eventarc: Stopping Eventarc Emulator {"metadata":{"emulator":{"name":"eventarc"},"message":"Stopping Eventarc Emulator"}}
[info] i  hub: Stopping emulator hub {"metadata":{"emulator":{"name":"hub"},"message":"Stopping emulator hub"}}
[info] i  logging: Stopping Logging Emulator {"metadata":{"emulator":{"name":"logging"},"message":"Stopping Logging Emulator"}}
[debug] [2023-10-21T05:29:23.026Z] ----------------------------------------------------------------------
[debug] [2023-10-21T05:29:23.028Z] Command:       c:\Program Files\nodejs\node.exe C:\Users\AU451FE\AppData\Roaming\npm\node_modules\firebase-tools\lib\bin\firebase.js emulators:start --only functions --debug
[debug] [2023-10-21T05:29:23.028Z] CLI Version:   12.7.0
[debug] [2023-10-21T05:29:23.029Z] Platform:      win32
[debug] [2023-10-21T05:29:23.029Z] Node Version:  v18.17.1
[debug] [2023-10-21T05:29:23.032Z] Time:          Sat Oct 21 2023 07:29:23 GMT+0200 (středoevropský letní čas)
[debug] [2023-10-21T05:29:23.032Z] ----------------------------------------------------------------------
[debug] 
[debug] [2023-10-21T05:29:23.040Z] >>> [apiv2][query] GET https://firebase-public.firebaseio.com/cli.json [none]
[debug] [2023-10-21T05:29:23.163Z] > command requires scopes: ["email","openid","https://www.googleapis.com/auth/cloudplatformprojects.readonly","https://www.googleapis.com/auth/firebase","https://www.googleapis.com/auth/cloud-platform"]
[debug] [2023-10-21T05:29:23.164Z] > authorizing via signed-in user (juke797@gmail.com)
[info] i  emulators: Starting emulators: functions {"metadata":{"emulator":{"name":"hub"},"message":"Starting emulators: functions"}}
[debug] [2023-10-21T05:29:23.182Z] [logging] Logging Emulator only supports listening on one address (127.0.0.1). Not listening on ::1
[debug] [2023-10-21T05:29:23.183Z] assigned listening specs for emulators {"user":{"hub":[{"address":"127.0.0.1","family":"IPv4","port":4400},{"address":"::1","family":"IPv6","port":4400}],"ui":[{"address":"127.0.0.1","family":"IPv4","port":4000},{"address":"::1","family":"IPv6","port":4000}],"logging":[{"address":"127.0.0.1","family":"IPv4","port":4500}]},"metadata":{"message":"assigned listening specs for emulators"}}
[debug] [2023-10-21T05:29:23.248Z] [hub] writing locator at C:\Users\AU451FE\AppData\Local\Temp\hub-alcohol-tracker-db.json
[debug] [2023-10-21T05:29:23.254Z] *** [apiv2] error from fetch(https://firebase-public.firebaseio.com/cli.json, {"headers":{},"method":"GET"}): FetchError: request to https://firebase-public.firebaseio.com/cli.json failed, reason: getaddrinfo ENOTFOUND firebase-public.firebaseio.com
[warn] !  Unable to fetch the CLI MOTD and remote config. 
[debug] [2023-10-21T05:29:23.256Z] Failed to fetch MOTD FirebaseError: Failed to make request to https://firebase-public.firebaseio.com/cli.json
[debug] [2023-10-21T05:29:23.271Z] [functions] Functions Emulator only supports listening on one address (127.0.0.1). Not listening on ::1
[debug] [2023-10-21T05:29:23.272Z] [eventarc] Eventarc Emulator only supports listening on one address (127.0.0.1). Not listening on ::1
[debug] [2023-10-21T05:29:23.272Z] late-assigned ports for functions and eventarc emulators {"user":{"hub":[{"address":"127.0.0.1","family":"IPv4","port":4400},{"address":"::1","family":"IPv6","port":4400}],"ui":[{"address":"127.0.0.1","family":"IPv4","port":4000},{"address":"::1","family":"IPv6","port":4000}],"logging":[{"address":"127.0.0.1","family":"IPv4","port":4500}],"functions":[{"address":"127.0.0.1","family":"IPv4","port":5001}],"eventarc":[{"address":"127.0.0.1","family":"IPv4","port":9299}]},"metadata":{"message":"late-assigned ports for functions and eventarc emulators"}}
[warn] !  functions: The following emulators are not running, calls to these services from the Functions emulator will affect production: auth, firestore, database, hosting, pubsub, storage {"metadata":{"emulator":{"name":"functions"},"message":"The following emulators are not running, calls to these services from the Functions emulator will affect production: \u001b[1mauth, firestore, database, hosting, pubsub, storage\u001b[22m"}}
[debug] [2023-10-21T05:29:23.281Z] defaultcredentials: writing to file C:\Users\AU451FE\AppData\Roaming\firebase\juke797_gmail_com_application_default_credentials.json
[debug] [2023-10-21T05:29:23.285Z] Setting GAC to C:\Users\AU451FE\AppData\Roaming\firebase\juke797_gmail_com_application_default_credentials.json {"metadata":{"emulator":{"name":"functions"},"message":"Setting GAC to C:\\Users\\AU451FE\\AppData\\Roaming\\firebase\\juke797_gmail_com_application_default_credentials.json"}}
[debug] [2023-10-21T05:29:23.287Z] > refreshing access token with scopes: []
[debug] [2023-10-21T05:29:23.289Z] >>> [apiv2][query] POST https://www.googleapis.com/oauth2/v3/token [none]
[debug] [2023-10-21T05:29:23.290Z] >>> [apiv2][body] POST https://www.googleapis.com/oauth2/v3/token [omitted]
[debug] [2023-10-21T05:29:23.294Z] *** [apiv2] error from fetch(https://www.googleapis.com/oauth2/v3/token, {"headers":{},"method":"POST","body":{"_overheadLength":545,"_valueLength":212,"_valuesToMeasure":[],"writable":false,"readable":true,"dataSize":0,"maxDataSize":2097152,"pauseStreams":true,"_released":true,"_streams":[],"_currentStream":null,"_insideLoop":false,"_pendingNext":false,"_boundary":"--------------------------167002482603758186583597","_events":{},"_eventsCount":1}}): FetchError: request to https://www.googleapis.com/oauth2/v3/token failed, reason: getaddrinfo ENOTFOUND www.googleapis.com
[debug] [2023-10-21T05:29:23.296Z] Failed to get Admin SDK config for alcohol-tracker-db, falling back to cache Failed to get Admin SDK for Firebase project alcohol-tracker-db. Please make sure the project exists and your account has permission to access it. {"name":"FirebaseError","children":[],"exit":2,"message":"Failed to get Admin SDK for Firebase project alcohol-tracker-db. Please make sure the project exists and your account has permission to access it.","original":{"name":"FirebaseError","children":[],"exit":1,"message":"Authentication Error: Your credentials are no longer valid. Please run \u001b[1mfirebase login --reauth\u001b[22m\n\nFor CI servers and headless environments, generate a new token with \u001b[1mfirebase login:ci\u001b[22m","status":500},"status":500}
[debug] [2023-10-21T05:29:23.316Z] Ignoring unsupported arg: auto_download {"metadata":{"emulator":{"name":"ui"},"message":"Ignoring unsupported arg: auto_download"}}
[debug] [2023-10-21T05:29:23.317Z] Ignoring unsupported arg: port {"metadata":{"emulator":{"name":"ui"},"message":"Ignoring unsupported arg: port"}}
[debug] [2023-10-21T05:29:23.318Z] Starting Emulator UI with command {"binary":"node","args":["C:\\Users\\AU451FE\\.cache\\firebase\\emulators\\ui-v1.11.7\\server\\server.js"],"optionalArgs":[],"joinArgs":false} {"metadata":{"emulator":{"name":"ui"},"message":"Starting Emulator UI with command {\"binary\":\"node\",\"args\":[\"C:\\\\Users\\\\AU451FE\\\\.cache\\\\firebase\\\\emulators\\\\ui-v1.11.7\\\\server\\\\server.js\"],\"optionalArgs\":[],\"joinArgs\":false}"}}
[info] i  ui: Emulator UI logging to ui-debug.log {"metadata":{"emulator":{"name":"ui"},"message":"Emulator UI logging to \u001b[1mui-debug.log\u001b[22m"}}
[debug] [2023-10-21T05:29:24.203Z] Web / API server started at 127.0.0.1:4000
 {"metadata":{"emulator":{"name":"ui"},"message":"Web / API server started at 127.0.0.1:4000\n"}}
[debug] [2023-10-21T05:29:24.204Z] Web / API server started at ::1:4000
 {"metadata":{"emulator":{"name":"ui"},"message":"Web / API server started at ::1:4000\n"}}
[info] i  functions: Watching "C:\Users\AU451FE\JavaScript\Kiroku\functions" for Cloud Functions... {"metadata":{"emulator":{"name":"functions"},"message":"Watching \"C:\\Users\\AU451FE\\JavaScript\\Kiroku\\functions\" for Cloud Functions..."}}
[debug] [2023-10-21T05:29:24.426Z] Validating nodejs source
[debug] [2023-10-21T05:29:34.497Z] checkFunctionsSDKVersion was unable to fetch information from NPM Error: spawnSync C:\Windows\system32\cmd.exe ETIMEDOUT
    at Object.spawnSync (node:internal/child_process:1110:20)
    at Object.spawnSync (node:child_process:871:24)
    at Function.spawnSync [as sync] (C:\Users\AU451FE\AppData\Roaming\npm\node_modules\firebase-tools\node_modules\cross-spawn\index.js:26:23)
    at Object.getLatestSDKVersion (C:\Users\AU451FE\AppData\Roaming\npm\node_modules\firebase-tools\lib\deploy\functions\runtimes\node\versioning.js:54:25)
    at Object.checkFunctionsSDKVersion (C:\Users\AU451FE\AppData\Roaming\npm\node_modules\firebase-tools\lib\deploy\functions\runtimes\node\versioning.js:74:32)
    at Delegate.validate (C:\Users\AU451FE\AppData\Roaming\npm\node_modules\firebase-tools\lib\deploy\functions\runtimes\node\index.js:84:20)
    at FunctionsEmulator.discoverTriggers (C:\Users\AU451FE\AppData\Roaming\npm\node_modules\firebase-tools\lib\emulator\functionsEmulator.js:296:35)
    at async FunctionsEmulator.loadTriggers (C:\Users\AU451FE\AppData\Roaming\npm\node_modules\firebase-tools\lib\emulator\functionsEmulator.js:325:34)
    at async FunctionsEmulator.connect (C:\Users\AU451FE\AppData\Roaming\npm\node_modules\firebase-tools\lib\emulator\functionsEmulator.js:262:13)
    at async Object.startAll (C:\Users\AU451FE\AppData\Roaming\npm\node_modules\firebase-tools\lib\emulator\controller.js:565:13)
[debug] [2023-10-21T05:29:34.503Z] > [functions] package.json contents: {
  "name": "functions",
  "scripts": {
    "serve": "firebase emulators:start --only functions",
    "deploy": "firebase deploy --only functions",
    "transpile": "npx tsc --build .",
    "babel": "babel lib --out-dir lib"
  },
  "dependencies": {
    "firebase-admin": "^11.10.1",
    "firebase-functions": "^4.4.1"
  },
  "devDependencies": {
    "@babel/cli": "^7.22.5",
    "@babel/core": "^7.22.8",
    "@babel/preset-env": "^7.22.7",
    "@babel/preset-react": "^7.22.5",
    "@babel/preset-typescript": "^7.22.5",
    "@babel/runtime": "^7.22.6",
    "@types/node": "^20.8.7",
    "babel-plugin-module-resolver": "^5.0.0",
    "typescript": "^5.1.6"
  },
  "private": true,
  "engines": {
    "node": "18"
  }
}
[debug] [2023-10-21T05:29:34.508Z] Building nodejs source
[debug] [2023-10-21T05:29:34.509Z] Failed to find version of module node: reached end of search path C:\Users\AU451FE\JavaScript\Kiroku\functions\node_modules
[info] +  functions: Using node@18 from host. 
[debug] [2023-10-21T05:29:34.514Z] Could not find functions.yaml. Must use http discovery
[debug] [2023-10-21T05:29:34.571Z] Found firebase-functions binary at 'C:\Users\AU451FE\JavaScript\Kiroku\functions\node_modules\.bin\firebase-functions'
[info] Serving at port 8627

[debug] [2023-10-21T05:29:38.614Z] Got response code 400; body Failed to generate manifest from function source: SyntaxError: Cannot use import statement outside a module
[info] shutdown requested via /__/quitquitquit

[error] !!  functions: Failed to load function definition from source: FirebaseError: Functions codebase could not be analyzed successfully. It may have a syntax or runtime error {"metadata":{"emulator":{"name":"functions"},"message":"Failed to load function definition from source: FirebaseError: Functions codebase could not be analyzed successfully. It may have a syntax or runtime error"}}
[info] 
┌─────────────────────────────────────────────────────────────┐
│ ✔  All emulators ready! It is now safe to connect your app. │
│ i  View Emulator UI at http://127.0.0.1:4000/               │
└─────────────────────────────────────────────────────────────┘

┌───────────┬────────────────┬─────────────────────────────────┐
│ Emulator  │ Host:Port      │ View in Emulator UI             │
├───────────┼────────────────┼─────────────────────────────────┤
│ Functions │ 127.0.0.1:5001 │ http://127.0.0.1:4000/functions │
└───────────┴────────────────┴─────────────────────────────────┘
  Emulator Hub running at 127.0.0.1:4400
  Other reserved ports: 4500

Issues? Report them at https://github.com/firebase/firebase-tools/issues and attach the *-debug.log files.
 
[debug] [2023-10-21T05:31:43.215Z] Received signal SIGINT (Ctrl-C) 1
[info]  
[info] i  emulators: Received SIGINT (Ctrl-C) for the first time. Starting a clean shutdown. 
[info] i  emulators: Please wait for a clean shutdown or send the SIGINT (Ctrl-C) signal again to stop right now. 
[info] i  emulators: Shutting down emulators. {"metadata":{"emulator":{"name":"hub"},"message":"Shutting down emulators."}}
[info] i  ui: Stopping Emulator UI {"metadata":{"emulator":{"name":"ui"},"message":"Stopping Emulator UI"}}
[warn] !  Emulator UI has exited upon receiving signal: SIGINT 
[info] i  functions: Stopping Functions Emulator {"metadata":{"emulator":{"name":"functions"},"message":"Stopping Functions Emulator"}}
[info] i  eventarc: Stopping Eventarc Emulator {"metadata":{"emulator":{"name":"eventarc"},"message":"Stopping Eventarc Emulator"}}
[info] i  hub: Stopping emulator hub {"metadata":{"emulator":{"name":"hub"},"message":"Stopping emulator hub"}}
